<?xml version="1.0" encoding="UTF-8"?>
<testsuite xmlns:xsi="http://www.w3.org/2001/XMLSchema-instance" xsi:noNamespaceSchemaLocation="https://maven.apache.org/surefire/maven-surefire-plugin/xsd/surefire-test-report.xsd" name="DataHandlerTest" time="0.003" tests="9" errors="0" skipped="0" failures="0">
  <properties>
    <property name="sun.desktop" value="gnome"/>
    <property name="awt.toolkit" value="sun.awt.X11.XToolkit"/>
    <property name="java.specification.version" value="9"/>
    <property name="file.encoding.pkg" value="sun.io"/>
    <property name="sun.cpu.isalist" value=""/>
    <property name="sun.jnu.encoding" value="UTF-8"/>
    <property name="java.class.path" value="/home/liohamitec/Desktop/cities/target/test-classes:/home/liohamitec/Desktop/cities/target/classes:/home/liohamitec/.m2/repository/junit/junit/4.12/junit-4.12.jar:/home/liohamitec/.m2/repository/org/hamcrest/hamcrest-core/1.3/hamcrest-core-1.3.jar:/home/liohamitec/.m2/repository/log4j/log4j/1.2.17/log4j-1.2.17.jar:"/>
    <property name="java.vm.vendor" value="Oracle Corporation"/>
    <property name="sun.arch.data.model" value="64"/>
    <property name="java.vendor.url" value="http://java.oracle.com/"/>
    <property name="user.timezone" value=""/>
    <property name="java.vm.specification.version" value="9"/>
    <property name="os.name" value="Linux"/>
    <property name="sun.java.launcher" value="SUN_STANDARD"/>
    <property name="user.country" value="US"/>
    <property name="sun.boot.library.path" value="/usr/java/jdk-9.0.4/lib"/>
    <property name="sun.java.command" value="/home/liohamitec/Desktop/cities/target/surefire/surefirebooter17361310732427043780.jar /home/liohamitec/Desktop/cities/target/surefire 2018-04-19T18-19-02_948-jvmRun1 surefire12469192075132721773tmp surefire_06760963813341072261tmp"/>
    <property name="jdk.debug" value="release"/>
    <property name="surefire.test.class.path" value="/home/liohamitec/Desktop/cities/target/test-classes:/home/liohamitec/Desktop/cities/target/classes:/home/liohamitec/.m2/repository/junit/junit/4.12/junit-4.12.jar:/home/liohamitec/.m2/repository/org/hamcrest/hamcrest-core/1.3/hamcrest-core-1.3.jar:/home/liohamitec/.m2/repository/log4j/log4j/1.2.17/log4j-1.2.17.jar:"/>
    <property name="sun.cpu.endian" value="little"/>
    <property name="user.home" value="/home/liohamitec"/>
    <property name="user.language" value="en"/>
    <property name="java.specification.vendor" value="Oracle Corporation"/>
    <property name="java.home" value="/usr/java/jdk-9.0.4"/>
    <property name="file.separator" value="/"/>
    <property name="basedir" value="/home/liohamitec/Desktop/cities"/>
    <property name="java.vm.compressedOopsMode" value="32-bit"/>
    <property name="line.separator" value="&#10;"/>
    <property name="java.vm.specification.vendor" value="Oracle Corporation"/>
    <property name="java.specification.name" value="Java Platform API Specification"/>
    <property name="java.awt.graphicsenv" value="sun.awt.X11GraphicsEnvironment"/>
    <property name="surefire.real.class.path" value="/home/liohamitec/Desktop/cities/target/surefire/surefirebooter17361310732427043780.jar"/>
    <property name="sun.management.compiler" value="HotSpot 64-Bit Tiered Compilers"/>
    <property name="java.runtime.version" value="9.0.4+11"/>
    <property name="user.name" value="liohamitec"/>
    <property name="path.separator" value=":"/>
    <property name="os.version" value="4.15.17-300.fc27.x86_64"/>
    <property name="java.runtime.name" value="Java(TM) SE Runtime Environment"/>
    <property name="file.encoding" value="UTF-8"/>
    <property name="java.vm.name" value="Java HotSpot(TM) 64-Bit Server VM"/>
    <property name="localRepository" value="/home/liohamitec/.m2/repository"/>
    <property name="java.vendor.url.bug" value="http://bugreport.java.com/bugreport/"/>
    <property name="java.io.tmpdir" value="/tmp"/>
    <property name="java.version" value="9.0.4"/>
    <property name="user.dir" value="/home/liohamitec/Desktop/cities"/>
    <property name="os.arch" value="amd64"/>
    <property name="java.vm.specification.name" value="Java Virtual Machine Specification"/>
    <property name="java.awt.printerjob" value="sun.print.PSPrinterJob"/>
    <property name="sun.os.patch.level" value="unknown"/>
    <property name="java.library.path" value="/usr/java/packages/lib:/usr/lib64:/lib64:/lib:/usr/lib"/>
    <property name="java.vm.info" value="mixed mode"/>
    <property name="java.vendor" value="Oracle Corporation"/>
    <property name="java.vm.version" value="9.0.4+11"/>
    <property name="sun.io.unicode.encoding" value="UnicodeLittle"/>
    <property name="java.class.version" value="53.0"/>
  </properties>
  <testcase name="emptyData" classname="DataHandlerTest" time="0"/>
  <testcase name="noInputData" classname="DataHandlerTest" time="0"/>
  <testcase name="getTimezoneByCity" classname="DataHandlerTest" time="0"/>
  <testcase name="correctCityDifferentTimezone" classname="DataHandlerTest" time="0"/>
  <testcase name="tonsOfSpacesInData" classname="DataHandlerTest" time="0"/>
  <testcase name="wrongSymbolsInCityFullData" classname="DataHandlerTest" time="0"/>
  <testcase name="wrongSymbolsInTimezone" classname="DataHandlerTest" time="0"/>
  <testcase name="setDefaultTimezone" classname="DataHandlerTest" time="0"/>
  <testcase name="wrongSymbolsInCityNoTimezone" classname="DataHandlerTest" time="0"/>
</testsuite>